<?xml version="1.0" encoding="UTF-8"?>
<!-- Generated by org.testng.reporters.JUnitReportReporter -->
<testsuite hostname="DESKTOP-12SLLPR" failures="0" tests="4" name="com.tutorialsinga.RegisterTest" time="41.872" errors="0" timestamp="2023-03-20T08:24:50 IST" skipped="0">
  <testcase classname="com.tutorialsinga.RegisterTest" name="verifyRegisteringAnAccountWithMandatoryField" time="21.739"/>
  <system-out/>
  <testcase classname="com.tutorialsinga.RegisterTest" name="verifyRegisteringAnAccountByprovidingallfield" time="5.498"/>
  <system-out/>
  <testcase classname="com.tutorialsinga.RegisterTest" name="verifyRegisteringAcoountWithExistingEmailAddress" time="8.420"/>
  <system-out/>
  <testcase classname="com.tutorialsinga.RegisterTest" name="verifyRegisteringAccountWithoutfillingAnydetails" time="6.215"/>
  <system-out/>
</testsuite> <!-- com.tutorialsinga.RegisterTest -->
